
Showing logs for build [32mjstrachan-nodey411-master-ps67m-4[0m stage [32mfrom-build-pack[0m and container [32mstep-credential-initializer-4nhwg[0m
{"level":"warn","ts":1580536796.3212085,"logger":"fallback-logger","caller":"logging/config.go:69","msg":"Fetch GitHub commit ID from kodata failed: \"ref: refs/heads/0.8.0-**-support-backwards-incompats\" is not a valid GitHub commit ID"}
{"level":"info","ts":1580536796.3219073,"logger":"fallback-logger","caller":"creds-init/main.go:40","msg":"Credentials initialized."}

Showing logs for build [32mjstrachan-nodey411-master-ps67m-4[0m stage [32mfrom-build-pack[0m and container [32mstep-working-dir-initializer-j68r4[0m
{"level":"warn","ts":1580536796.7408922,"logger":"fallback-logger","caller":"logging/config.go:69","msg":"Fetch GitHub commit ID from kodata failed: open /var/run/ko/HEAD: no such file or directory"}
{"level":"info","ts":1580536796.7423627,"logger":"fallback-logger","caller":"bash/main.go:64","msg":"Successfully executed command \"sh -c mkdir -p /workspace/source\"; output "}

Showing logs for build [32mjstrachan-nodey411-master-ps67m-4[0m stage [32mfrom-build-pack[0m and container [32mstep-place-tools[0m

Showing logs for build [32mjstrachan-nodey411-master-ps67m-4[0m stage [32mfrom-build-pack[0m and container [32mstep-git-source-jstrachan-nodey411-master-ps67m-ffd9g[0m
{"level":"warn","ts":1580536810.8066485,"logger":"fallback-logger","caller":"logging/config.go:69","msg":"Fetch GitHub commit ID from kodata failed: \"ref: refs/heads/0.8.0-**-support-backwards-incompats\" is not a valid GitHub commit ID"}
{"level":"info","ts":1580536811.8837028,"logger":"fallback-logger","caller":"git/git.go:103","msg":"Successfully cloned https://github.com/*********/nodey411.git @ v0.0.4 in path /workspace/source"}

Showing logs for build [32mjstrachan-nodey411-master-ps67m-4[0m stage [32mfrom-build-pack[0m and container [32mstep-git-merge[0m
Using SHAs from PULL_REFS=master:be0b95580f40993650aa76fc2ae72a64cae4937c
WARNING: no SHAs to merge, falling back to initial cloned commit

Showing logs for build [32mjstrachan-nodey411-master-ps67m-4[0m stage [32mfrom-build-pack[0m and container [32mstep-setup-jx-git-credentials[0m
Generated Git credentials file /builder/home/git/credentials

Showing logs for build [32mjstrachan-nodey411-master-ps67m-4[0m stage [32mfrom-build-pack[0m and container [32mstep-build-npmrc[0m
Command "credential" is deprecated, it will be removed on Jun 1 2020.  This is replaced by Tekton's mounted secrets
WARNING: failed to find Secret npm-token in namespace **

Showing logs for build [32mjstrachan-nodey411-master-ps67m-4[0m stage [32mfrom-build-pack[0m and container [32mstep-build-npm-install[0m
npm notice created a lockfile as package-lock.json. You should commit this file.
npm WARN REPLACE_ME@1.0.0 No repository field.
npm WARN REPLACE_ME@1.0.0 No license field.

up to date in 0.401s
found 0 vulnerabilities


Showing logs for build [32mjstrachan-nodey411-master-ps67m-4[0m stage [32mfrom-build-pack[0m and container [32mstep-build-npm-test[0m

> REPLACE_ME@1.0.0 test /workspace/source
> echo "no test specified" && exit 0

no test specified

Showing logs for build [32mjstrachan-nodey411-master-ps67m-4[0m stage [32mfrom-build-pack[0m and container [32mstep-build-container-build[0m
ERROR: logging before flag.Parse: E0201 06:00:22.128987      10 metadata.go:241] Failed to unmarshal scopes: invalid character 'h' looking for beginning of value
[36mINFO[0m[0000] Downloading base image node:9-slim           
ERROR: logging before flag.Parse: E0201 06:00:22.228893      10 metadata.go:142] while reading 'google-dockercfg' metadata: http status code: 404 while fetching url http://metadata.google.internal./computeMetadata/v1/instance/attributes/google-dockercfg
ERROR: logging before flag.Parse: E0201 06:00:22.231831      10 metadata.go:159] while reading 'google-dockercfg-url' metadata: http status code: 404 while fetching url http://metadata.google.internal./computeMetadata/v1/instance/attributes/google-dockercfg-url
2020/02/01 06:00:22 No matching credentials were found, falling back on anonymous
[36mINFO[0m[0002] Error while retrieving image from cache: getting file info: stat /workspace/sha256:0e0175bbe4f8d9d104590d8d2c591017874e30977cb71aaff1cf6fa99479575c: no such file or directory 
[36mINFO[0m[0002] Downloading base image node:9-slim           
2020/02/01 06:00:23 No matching credentials were found, falling back on anonymous
[36mINFO[0m[0003] Executing 0 build triggers                   
[36mINFO[0m[0003] cmd: EXPOSE                                  
[36mINFO[0m[0003] Adding exposed port: 8080/tcp                
[36mINFO[0m[0003] Using files from context: [/workspace/source] 
[36mINFO[0m[0003] Skipping unpacking as no commands require it. 
[36mINFO[0m[0003] Taking snapshot of full filesystem...        
[36mINFO[0m[0003] ENV PORT 8080                                
[36mINFO[0m[0003] No files changed in this command, skipping snapshotting. 
[36mINFO[0m[0003] EXPOSE 8080                                  
[36mINFO[0m[0003] cmd: EXPOSE                                  
[36mINFO[0m[0003] Adding exposed port: 8080/tcp                
[36mINFO[0m[0003] No files changed in this command, skipping snapshotting. 
[36mINFO[0m[0003] WORKDIR /usr/src/app                         
[36mINFO[0m[0003] cmd: workdir                                 
[36mINFO[0m[0003] Changed working directory to /usr/src/app    
[36mINFO[0m[0003] Creating directory /usr/src/app              
[36mINFO[0m[0003] Taking snapshot of files...                  
[36mINFO[0m[0003] Using files from context: [/workspace/source] 
[36mINFO[0m[0003] COPY . .                                     
[36mINFO[0m[0003] Taking snapshot of files...                  
[36mINFO[0m[0003] CMD ["npm", "start"]                         
[36mINFO[0m[0003] No files changed in this command, skipping snapshotting. 
2020/02/01 06:00:24 existing blob: sha256:a88538b9cd05cfa611e43a25582a95ad7879f6fa708b0386a26b71ee62235bb3
2020/02/01 06:00:24 existing blob: sha256:196b8e3c919d5639193ba6c6e54774528942041bbc37606631a2250502985c3c
2020/02/01 06:00:24 existing blob: sha256:e01bd28a434b56ffd2a3fe9aa99b9b69aecca69904843edd30b1ee7150d79904
2020/02/01 06:00:24 existing blob: sha256:5bba3ecb4cd6374a19da45f2a3db0a9c0804984358b3bb4b666c28944016e5ff
2020/02/01 06:00:24 existing blob: sha256:7d083412657baa2dafba8d093034ef26f9ed2c90fb6ed95f76bb55aff03ed429
2020/02/01 06:00:27 pushed blob: sha256:f2b3aac682562e30dae797b5cefae4390e1a1abe20c10ea901dcc68819e39bcb
2020/02/01 06:00:27 pushed blob: sha256:d74aac9dcbded7386d9272196ef2a5483dd98c121931f3811d26fb1698127313
2020/02/01 06:00:27 pushed blob: sha256:4bc81c88d7a2c94ac376b77cf650334cd9b67f4392abc0c6640d262389a96c3a
2020/02/01 06:00:29 gcr.io/*********-multicluster/nodey411:0.0.4: digest: sha256:aee3627eb8acaa06fa6eb41d77608fa0eb6a2a19dd985b52fcf948d4b351aa7f size: 1404

Showing logs for build [32mjstrachan-nodey411-master-ps67m-4[0m stage [32mfrom-build-pack[0m and container [32mstep-build-post-build[0m
no CVE provider running in the current ** namespace so skip adding image to be analysed

Showing logs for build [32mjstrachan-nodey411-master-ps67m-4[0m stage [32mfrom-build-pack[0m and container [32mstep-promote-changelog[0m
Converted /workspace/source/charts/nodey411 to an unshallow repository
Generating change log from git ref 3e23b8de4a7a044cc57906dbee32644610a65e5c => 6bdc866d66b0942ecc089c49ac66dd805077dd67
Associating user x-0 in users.jenkins.io with email james.strachan@gmail.com to git GitProvider user with login -0 as emails match
Adding label jenkins.io/git-github-userid=-0 to user x-0 in users.jenkins.io
WARNING: Failed to enrich commit be0b95580f40993650aa76fc2ae72a64cae4937c with issues: User.jenkins.io "x-0" is invalid: metadata.labels: Invalid value: "-0": a valid label must be an empty string or consist of alphanumeric characters, '-', '_' or '.', and must start and end with an alphanumeric character (e.g. 'MyValue',  or 'my_value',  or '12345', regex used for validation is '(([A-Za-z0-9][-A-Za-z0-9_.]*)?[A-Za-z0-9])?')
Associating user x-0 in users.jenkins.io with email james.strachan@gmail.com to git GitProvider user with login -0 as emails match
Adding label jenkins.io/git-github-userid=-0 to user x-0 in users.jenkins.io
WARNING: Failed to enrich commit be0b95580f40993650aa76fc2ae72a64cae4937c with issues: User.jenkins.io "x-0" is invalid: metadata.labels: Invalid value: "-0": a valid label must be an empty string or consist of alphanumeric characters, '-', '_' or '.', and must start and end with an alphanumeric character (e.g. 'MyValue',  or 'my_value',  or '12345', regex used for validation is '(([A-Za-z0-9][-A-Za-z0-9_.]*)?[A-Za-z0-9])?')
Finding issues in commit messages using git format
WARNING: No release found for *********/nodey411 and tag v0.0.4 so creating a new release
Updated the release information at https://github.com/*********/nodey411/releases/tag/v0.0.4
generated: /workspace/source/charts/nodey411/templates/release.yaml
Created Release nodey411-0-0-4 resource in namespace **
Updating PipelineActivity *********-nodey411-master-4 with version 0.0.4
Updated PipelineActivities *********-nodey411-master-4 with release notes URL: https://github.com/*********/nodey411/releases/tag/v0.0.4

Showing logs for build [32mjstrachan-nodey411-master-ps67m-4[0m stage [32mfrom-build-pack[0m and container [32mstep-promote-helm-release[0m
WARNING: No $CHART_REPOSITORY defined so using the default value of: http://jenkins-x-chartmuseum:8080
Adding missing Helm repo: storage.googleapis.com https://storage.googleapis.com/chartmuseum.jenkins-x.io
Successfully added Helm repository storage.googleapis.com.
Adding missing Helm repo: jenkins-x-chartmuseum http://jenkins-x-chartmuseum:8080
Successfully added Helm repository jenkins-x-chartmuseum.
WARNING: No $CHART_REPOSITORY defined so using the default value of: http://jenkins-x-chartmuseum:8080
Uploading chart file nodey411-0.0.4.tgz to http://jenkins-x-chartmuseum:8080/api/charts
Received 201 response: {"saved":true}

Showing logs for build [32mjstrachan-nodey411-master-ps67m-4[0m stage [32mfrom-build-pack[0m and container [32mstep-promote-jx-promote[0m
WARNING: prow based install so skip waiting for the merge of Pull Requests to go green as currently there is an issue with gettingstatuses from the PR, see https://github.com/jenkins-x/**/issues/2410
WARNING: No $CHART_REPOSITORY defined so using the default value of: http://jenkins-x-chartmuseum:8080
Promoting app nodey411 version 0.0.4 to namespace **-staging
WARNING: 
Created Pull Request: https://github.com/*********/environment-*********-dev200-staging/pull/12
Added label updatebot to Pull Request https://github.com/*********/environment-*********-dev200-staging/pull/12
got git provider status pending from PR https://github.com/*********/environment-*********-dev200-staging/pull/12
got git provider status pending from PR https://github.com/*********/environment-*********-dev200-staging/pull/12
got git provider status pending from PR https://github.com/*********/environment-*********-dev200-staging/pull/12
error: Pull request https://github.com/*********/environment-*********-dev200-staging/pull/12 last commit has status failure for ref 3c2486e9cfef37f47b4979d5eff3621cfb59751a
[31m
Pipeline failed on stage 'from-build-pack' : container 'step-promote-jx-promote'. The execution of the pipeline has stopped.[0m
